<?xml version="1.0" encoding="UTF-8"?>
<testsuite name="SampleTest_0" tests="1" skipped="0" failures="0" errors="0" timestamp="2022-06-28T17:05:44" hostname="LP-RU00411" time="0.009">
  <properties/>
  <testcase name="sum()" classname="SampleTest_0" time="0.009"/>
  <system-out><![CDATA[]]></system-out>
  <system-err><![CDATA[]]></system-err>
</testsuite>
